  DirectionalLight.cpp
C:\Users\giair\Documents\Grafica\virtuale\Progetto\labingsw022021202204cg\Engine\Object.h(29,15): warning C4251: 'Object::name': class 'std::basic_string<char,std::char_traits<char>,std::allocator<char>>' needs to have dll-interface to be used by clients of class 'Object'
C:\Program Files (x86)\Microsoft Visual Studio\2019\Community\VC\Tools\MSVC\14.29.30133\include\xstring(4905): message : see declaration of 'std::basic_string<char,std::char_traits<char>,std::allocator<char>>'
C:\Users\giair\Documents\Grafica\virtuale\Progetto\labingsw022021202204cg\Engine\Node.h(41,22): warning C4251: 'Node::children': class 'std::vector<Node *,std::allocator<Node *>>' needs to have dll-interface to be used by clients of class 'Node'
C:\Users\giair\Documents\Grafica\virtuale\Progetto\labingsw022021202204cg\Engine\Node.h(41): message : see declaration of 'std::vector<Node *,std::allocator<Node *>>'
C:\Users\giair\Documents\Grafica\virtuale\Progetto\labingsw022021202204cg\Engine\Node.h(43,13): warning C4251: 'Node::transform': struct 'glm::mat<4,4,glm::f32,glm::packed_highp>' needs to have dll-interface to be used by clients of class 'Node'
C:\Users\giair\Documents\Grafica\virtuale\Progetto\labingsw022021202204cg\dependencies\glm\include\glm\fwd.hpp(518): message : see declaration of 'glm::mat<4,4,glm::f32,glm::packed_highp>'
C:\Users\giair\Documents\Grafica\virtuale\Progetto\labingsw022021202204cg\Engine\Light.h(32,12): warning C4251: 'Light::ambient': struct 'glm::vec<4,float,glm::packed_highp>' needs to have dll-interface to be used by clients of class 'Light'
C:\Users\giair\Documents\Grafica\virtuale\Progetto\labingsw022021202204cg\dependencies\glm\include\glm\fwd.hpp(419): message : see declaration of 'glm::vec<4,float,glm::packed_highp>'
C:\Users\giair\Documents\Grafica\virtuale\Progetto\labingsw022021202204cg\Engine\Light.h(33,12): warning C4251: 'Light::diffuse': struct 'glm::vec<4,float,glm::packed_highp>' needs to have dll-interface to be used by clients of class 'Light'
C:\Users\giair\Documents\Grafica\virtuale\Progetto\labingsw022021202204cg\dependencies\glm\include\glm\fwd.hpp(419): message : see declaration of 'glm::vec<4,float,glm::packed_highp>'
C:\Users\giair\Documents\Grafica\virtuale\Progetto\labingsw022021202204cg\Engine\Light.h(34,12): warning C4251: 'Light::specular': struct 'glm::vec<4,float,glm::packed_highp>' needs to have dll-interface to be used by clients of class 'Light'
C:\Users\giair\Documents\Grafica\virtuale\Progetto\labingsw022021202204cg\dependencies\glm\include\glm\fwd.hpp(419): message : see declaration of 'glm::vec<4,float,glm::packed_highp>'
C:\Users\giair\Documents\Grafica\virtuale\Progetto\labingsw022021202204cg\Engine\Light.h(35,12): warning C4251: 'Light::position': struct 'glm::vec<4,float,glm::packed_highp>' needs to have dll-interface to be used by clients of class 'Light'
C:\Users\giair\Documents\Grafica\virtuale\Progetto\labingsw022021202204cg\dependencies\glm\include\glm\fwd.hpp(419): message : see declaration of 'glm::vec<4,float,glm::packed_highp>'
  Engine.cpp
C:\Users\giair\Documents\Grafica\virtuale\Progetto\labingsw022021202204cg\Engine\FrameRate.h(21,20): warning C4244: 'initializing': conversion from 'float' to 'time_t', possible loss of data
C:\Users\giair\Documents\Grafica\virtuale\Progetto\labingsw022021202204cg\Engine\FrameRate.h(22,23): warning C4244: 'initializing': conversion from 'float' to 'time_t', possible loss of data
C:\Users\giair\Documents\Grafica\virtuale\Progetto\labingsw022021202204cg\Engine\Object.h(29,15): warning C4251: 'Object::name': class 'std::basic_string<char,std::char_traits<char>,std::allocator<char>>' needs to have dll-interface to be used by clients of class 'Object'
C:\Program Files (x86)\Microsoft Visual Studio\2019\Community\VC\Tools\MSVC\14.29.30133\include\xstring(4905): message : see declaration of 'std::basic_string<char,std::char_traits<char>,std::allocator<char>>'
C:\Users\giair\Documents\Grafica\virtuale\Progetto\labingsw022021202204cg\Engine\Node.h(41,22): warning C4251: 'Node::children': class 'std::vector<Node *,std::allocator<Node *>>' needs to have dll-interface to be used by clients of class 'Node'
C:\Users\giair\Documents\Grafica\virtuale\Progetto\labingsw022021202204cg\Engine\Node.h(41): message : see declaration of 'std::vector<Node *,std::allocator<Node *>>'
C:\Users\giair\Documents\Grafica\virtuale\Progetto\labingsw022021202204cg\Engine\Node.h(43,13): warning C4251: 'Node::transform': struct 'glm::mat<4,4,glm::f32,glm::packed_highp>' needs to have dll-interface to be used by clients of class 'Node'
C:\Users\giair\Documents\Grafica\virtuale\Progetto\labingsw022021202204cg\dependencies\glm\include\glm\fwd.hpp(518): message : see declaration of 'glm::mat<4,4,glm::f32,glm::packed_highp>'
C:\Users\giair\Documents\Grafica\virtuale\Progetto\labingsw022021202204cg\Engine\Projection.h(27,13): warning C4251: 'Projection::projection': struct 'glm::mat<4,4,glm::f32,glm::packed_highp>' needs to have dll-interface to be used by clients of class 'Projection'
C:\Users\giair\Documents\Grafica\virtuale\Progetto\labingsw022021202204cg\dependencies\glm\include\glm\fwd.hpp(518): message : see declaration of 'glm::mat<4,4,glm::f32,glm::packed_highp>'
C:\Users\giair\Documents\Grafica\virtuale\Progetto\labingsw022021202204cg\Engine\UIProjection.h(22,27): warning C4251: 'UIProjection::labels': class 'std::vector<std::string,std::allocator<std::string>>' needs to have dll-interface to be used by clients of class 'UIProjection'
C:\Users\giair\Documents\Grafica\virtuale\Progetto\labingsw022021202204cg\Engine\UIProjection.h(22): message : see declaration of 'std::vector<std::string,std::allocator<std::string>>'
C:\Users\giair\Documents\Grafica\virtuale\Progetto\labingsw022021202204cg\Engine\UIProjection.h(23,12): warning C4251: 'UIProjection::color': struct 'glm::vec<3,float,glm::packed_highp>' needs to have dll-interface to be used by clients of class 'UIProjection'
C:\Users\giair\Documents\Grafica\virtuale\Progetto\labingsw022021202204cg\dependencies\glm\include\glm\fwd.hpp(418): message : see declaration of 'glm::vec<3,float,glm::packed_highp>'
C:\Users\giair\Documents\Grafica\virtuale\Progetto\labingsw022021202204cg\Engine\Light.h(32,12): warning C4251: 'Light::ambient': struct 'glm::vec<4,float,glm::packed_highp>' needs to have dll-interface to be used by clients of class 'Light'
C:\Users\giair\Documents\Grafica\virtuale\Progetto\labingsw022021202204cg\dependencies\glm\include\glm\fwd.hpp(419): message : see declaration of 'glm::vec<4,float,glm::packed_highp>'
C:\Users\giair\Documents\Grafica\virtuale\Progetto\labingsw022021202204cg\Engine\Light.h(33,12): warning C4251: 'Light::diffuse': struct 'glm::vec<4,float,glm::packed_highp>' needs to have dll-interface to be used by clients of class 'Light'
C:\Users\giair\Documents\Grafica\virtuale\Progetto\labingsw022021202204cg\dependencies\glm\include\glm\fwd.hpp(419): message : see declaration of 'glm::vec<4,float,glm::packed_highp>'
C:\Users\giair\Documents\Grafica\virtuale\Progetto\labingsw022021202204cg\Engine\Light.h(34,12): warning C4251: 'Light::specular': struct 'glm::vec<4,float,glm::packed_highp>' needs to have dll-interface to be used by clients of class 'Light'
C:\Users\giair\Documents\Grafica\virtuale\Progetto\labingsw022021202204cg\dependencies\glm\include\glm\fwd.hpp(419): message : see declaration of 'glm::vec<4,float,glm::packed_highp>'
C:\Users\giair\Documents\Grafica\virtuale\Progetto\labingsw022021202204cg\Engine\Light.h(35,12): warning C4251: 'Light::position': struct 'glm::vec<4,float,glm::packed_highp>' needs to have dll-interface to be used by clients of class 'Light'
C:\Users\giair\Documents\Grafica\virtuale\Progetto\labingsw022021202204cg\dependencies\glm\include\glm\fwd.hpp(419): message : see declaration of 'glm::vec<4,float,glm::packed_highp>'
C:\Users\giair\Documents\Grafica\virtuale\Progetto\labingsw022021202204cg\Engine\SpotLight.h(17,12): warning C4251: 'SpotLight::direction': struct 'glm::vec<3,float,glm::packed_highp>' needs to have dll-interface to be used by clients of class 'SpotLight'
C:\Users\giair\Documents\Grafica\virtuale\Progetto\labingsw022021202204cg\dependencies\glm\include\glm\fwd.hpp(418): message : see declaration of 'glm::vec<3,float,glm::packed_highp>'
C:\Users\giair\Documents\Grafica\virtuale\Progetto\labingsw022021202204cg\Engine\Texture.h(23,21): warning C4251: 'Texture::path': class 'std::basic_string<char,std::char_traits<char>,std::allocator<char>>' needs to have dll-interface to be used by clients of class 'Texture'
C:\Program Files (x86)\Microsoft Visual Studio\2019\Community\VC\Tools\MSVC\14.29.30133\include\xstring(4905): message : see declaration of 'std::basic_string<char,std::char_traits<char>,std::allocator<char>>'
C:\Users\giair\Documents\Grafica\virtuale\Progetto\labingsw022021202204cg\Engine\Material.h(25,12): warning C4251: 'Material::emission': struct 'glm::vec<4,float,glm::packed_highp>' needs to have dll-interface to be used by clients of class 'Material'
C:\Users\giair\Documents\Grafica\virtuale\Progetto\labingsw022021202204cg\dependencies\glm\include\glm\fwd.hpp(419): message : see declaration of 'glm::vec<4,float,glm::packed_highp>'
C:\Users\giair\Documents\Grafica\virtuale\Progetto\labingsw022021202204cg\Engine\Material.h(26,12): warning C4251: 'Material::ambient': struct 'glm::vec<4,float,glm::packed_highp>' needs to have dll-interface to be used by clients of class 'Material'
C:\Users\giair\Documents\Grafica\virtuale\Progetto\labingsw022021202204cg\dependencies\glm\include\glm\fwd.hpp(419): message : see declaration of 'glm::vec<4,float,glm::packed_highp>'
C:\Users\giair\Documents\Grafica\virtuale\Progetto\labingsw022021202204cg\Engine\Material.h(27,12): warning C4251: 'Material::diffuse': struct 'glm::vec<4,float,glm::packed_highp>' needs to have dll-interface to be used by clients of class 'Material'
C:\Users\giair\Documents\Grafica\virtuale\Progetto\labingsw022021202204cg\dependencies\glm\include\glm\fwd.hpp(419): message : see declaration of 'glm::vec<4,float,glm::packed_highp>'
C:\Users\giair\Documents\Grafica\virtuale\Progetto\labingsw022021202204cg\Engine\Material.h(28,12): warning C4251: 'Material::specular': struct 'glm::vec<4,float,glm::packed_highp>' needs to have dll-interface to be used by clients of class 'Material'
C:\Users\giair\Documents\Grafica\virtuale\Progetto\labingsw022021202204cg\dependencies\glm\include\glm\fwd.hpp(419): message : see declaration of 'glm::vec<4,float,glm::packed_highp>'
C:\Users\giair\Documents\Grafica\virtuale\Progetto\labingsw022021202204cg\Engine\Vertex.h(20,12): warning C4251: 'Vertex::position': struct 'glm::vec<3,float,glm::packed_highp>' needs to have dll-interface to be used by clients of class 'Vertex'
C:\Users\giair\Documents\Grafica\virtuale\Progetto\labingsw022021202204cg\dependencies\glm\include\glm\fwd.hpp(418): message : see declaration of 'glm::vec<3,float,glm::packed_highp>'
C:\Users\giair\Documents\Grafica\virtuale\Progetto\labingsw022021202204cg\Engine\Vertex.h(21,12): warning C4251: 'Vertex::normal': struct 'glm::vec<3,float,glm::packed_highp>' needs to have dll-interface to be used by clients of class 'Vertex'
C:\Users\giair\Documents\Grafica\virtuale\Progetto\labingsw022021202204cg\dependencies\glm\include\glm\fwd.hpp(418): message : see declaration of 'glm::vec<3,float,glm::packed_highp>'
C:\Users\giair\Documents\Grafica\virtuale\Progetto\labingsw022021202204cg\Engine\Vertex.h(22,12): warning C4251: 'Vertex::textureCoordinates': struct 'glm::vec<2,float,glm::packed_highp>' needs to have dll-interface to be used by clients of class 'Vertex'
C:\Users\giair\Documents\Grafica\virtuale\Progetto\labingsw022021202204cg\dependencies\glm\include\glm\fwd.hpp(417): message : see declaration of 'glm::vec<2,float,glm::packed_highp>'
C:\Users\giair\Documents\Grafica\virtuale\Progetto\labingsw022021202204cg\Engine\Mesh.h(23,36): warning C4251: 'Mesh::vertices': class 'std::vector<std::vector<Vertex *,std::allocator<Vertex *>>,std::allocator<std::vector<Vertex *,std::allocator<Vertex *>>>>' needs to have dll-interface to be used by clients of class 'Mesh'
C:\Users\giair\Documents\Grafica\virtuale\Progetto\labingsw022021202204cg\Engine\Mesh.h(23): message : see declaration of 'std::vector<std::vector<Vertex *,std::allocator<Vertex *>>,std::allocator<std::vector<Vertex *,std::allocator<Vertex *>>>>'
C:\Users\giair\Documents\Grafica\virtuale\Progetto\labingsw022021202204cg\Engine\Mesh.h(24,28): warning C4251: 'Mesh::material': class 'std::shared_ptr<Material>' needs to have dll-interface to be used by clients of class 'Mesh'
C:\Users\giair\Documents\Grafica\virtuale\Progetto\labingsw022021202204cg\Engine\Mesh.h(11): message : see declaration of 'std::shared_ptr<Material>'
C:\Users\giair\Documents\Grafica\virtuale\Progetto\labingsw022021202204cg\Engine\FakeShadow.h(28,12): warning C4251: 'FakeShadow::offset': struct 'glm::mat<4,4,glm::f32,glm::packed_highp>' needs to have dll-interface to be used by clients of class 'FakeShadow'
C:\Users\giair\Documents\Grafica\virtuale\Progetto\labingsw022021202204cg\dependencies\glm\include\glm\fwd.hpp(518): message : see declaration of 'glm::mat<4,4,glm::f32,glm::packed_highp>'
C:\Users\giair\Documents\Grafica\virtuale\Progetto\labingsw022021202204cg\Engine\FakeShadow.h(29,12): warning C4251: 'FakeShadow::scaling': struct 'glm::mat<4,4,glm::f32,glm::packed_highp>' needs to have dll-interface to be used by clients of class 'FakeShadow'
C:\Users\giair\Documents\Grafica\virtuale\Progetto\labingsw022021202204cg\dependencies\glm\include\glm\fwd.hpp(518): message : see declaration of 'glm::mat<4,4,glm::f32,glm::packed_highp>'
C:\Users\giair\Documents\Grafica\virtuale\Progetto\labingsw022021202204cg\Engine\FileReader.h(24,35): warning C4251: 'FileReader::materials': class 'std::map<std::string,Material *,std::less<std::string>,std::allocator<std::pair<const std::string,Material *>>>' needs to have dll-interface to be used by clients of class 'FileReader'
C:\Users\giair\Documents\Grafica\virtuale\Progetto\labingsw022021202204cg\Engine\FileReader.h(24): message : see declaration of 'std::map<std::string,Material *,std::less<std::string>,std::allocator<std::pair<const std::string,Material *>>>'
C:\Users\giair\Documents\Grafica\virtuale\Progetto\labingsw022021202204cg\Engine\FileReader.h(25,23): warning C4251: 'FileReader::tempVertices': class 'std::vector<Vertex *,std::allocator<Vertex *>>' needs to have dll-interface to be used by clients of class 'FileReader'
C:\Users\giair\Documents\Grafica\virtuale\Progetto\labingsw022021202204cg\Engine\Mesh.h(19): message : see declaration of 'std::vector<Vertex *,std::allocator<Vertex *>>'
C:\Users\giair\Documents\Grafica\virtuale\Progetto\labingsw022021202204cg\Engine\List.h(18,20): warning C4251: 'List::objectsList': class 'std::list<Node *,std::allocator<Node *>>' needs to have dll-interface to be used by clients of class 'List'
C:\Users\giair\Documents\Grafica\virtuale\Progetto\labingsw022021202204cg\Engine\List.h(18): message : see declaration of 'std::list<Node *,std::allocator<Node *>>'
  FileReader.cpp
C:\Users\giair\Documents\Grafica\virtuale\Progetto\labingsw022021202204cg\Engine\Object.h(29,15): warning C4251: 'Object::name': class 'std::basic_string<char,std::char_traits<char>,std::allocator<char>>' needs to have dll-interface to be used by clients of class 'Object'
C:\Program Files (x86)\Microsoft Visual Studio\2019\Community\VC\Tools\MSVC\14.29.30133\include\xstring(4905): message : see declaration of 'std::basic_string<char,std::char_traits<char>,std::allocator<char>>'
C:\Users\giair\Documents\Grafica\virtuale\Progetto\labingsw022021202204cg\Engine\Node.h(41,22): warning C4251: 'Node::children': class 'std::vector<Node *,std::allocator<Node *>>' needs to have dll-interface to be used by clients of class 'Node'
C:\Users\giair\Documents\Grafica\virtuale\Progetto\labingsw022021202204cg\Engine\Node.h(41): message : see declaration of 'std::vector<Node *,std::allocator<Node *>>'
C:\Users\giair\Documents\Grafica\virtuale\Progetto\labingsw022021202204cg\Engine\Node.h(43,13): warning C4251: 'Node::transform': struct 'glm::mat<4,4,glm::f32,glm::packed_highp>' needs to have dll-interface to be used by clients of class 'Node'
C:\Users\giair\Documents\Grafica\virtuale\Progetto\labingsw022021202204cg\dependencies\glm\include\glm\fwd.hpp(518): message : see declaration of 'glm::mat<4,4,glm::f32,glm::packed_highp>'
C:\Users\giair\Documents\Grafica\virtuale\Progetto\labingsw022021202204cg\Engine\Texture.h(23,21): warning C4251: 'Texture::path': class 'std::basic_string<char,std::char_traits<char>,std::allocator<char>>' needs to have dll-interface to be used by clients of class 'Texture'
C:\Program Files (x86)\Microsoft Visual Studio\2019\Community\VC\Tools\MSVC\14.29.30133\include\xstring(4905): message : see declaration of 'std::basic_string<char,std::char_traits<char>,std::allocator<char>>'
C:\Users\giair\Documents\Grafica\virtuale\Progetto\labingsw022021202204cg\Engine\Material.h(25,12): warning C4251: 'Material::emission': struct 'glm::vec<4,float,glm::packed_highp>' needs to have dll-interface to be used by clients of class 'Material'
C:\Users\giair\Documents\Grafica\virtuale\Progetto\labingsw022021202204cg\dependencies\glm\include\glm\fwd.hpp(419): message : see declaration of 'glm::vec<4,float,glm::packed_highp>'
C:\Users\giair\Documents\Grafica\virtuale\Progetto\labingsw022021202204cg\Engine\Material.h(26,12): warning C4251: 'Material::ambient': struct 'glm::vec<4,float,glm::packed_highp>' needs to have dll-interface to be used by clients of class 'Material'
C:\Users\giair\Documents\Grafica\virtuale\Progetto\labingsw022021202204cg\dependencies\glm\include\glm\fwd.hpp(419): message : see declaration of 'glm::vec<4,float,glm::packed_highp>'
C:\Users\giair\Documents\Grafica\virtuale\Progetto\labingsw022021202204cg\Engine\Material.h(27,12): warning C4251: 'Material::diffuse': struct 'glm::vec<4,float,glm::packed_highp>' needs to have dll-interface to be used by clients of class 'Material'
C:\Users\giair\Documents\Grafica\virtuale\Progetto\labingsw022021202204cg\dependencies\glm\include\glm\fwd.hpp(419): message : see declaration of 'glm::vec<4,float,glm::packed_highp>'
C:\Users\giair\Documents\Grafica\virtuale\Progetto\labingsw022021202204cg\Engine\Material.h(28,12): warning C4251: 'Material::specular': struct 'glm::vec<4,float,glm::packed_highp>' needs to have dll-interface to be used by clients of class 'Material'
C:\Users\giair\Documents\Grafica\virtuale\Progetto\labingsw022021202204cg\dependencies\glm\include\glm\fwd.hpp(419): message : see declaration of 'glm::vec<4,float,glm::packed_highp>'
C:\Users\giair\Documents\Grafica\virtuale\Progetto\labingsw022021202204cg\Engine\Vertex.h(20,12): warning C4251: 'Vertex::position': struct 'glm::vec<3,float,glm::packed_highp>' needs to have dll-interface to be used by clients of class 'Vertex'
C:\Users\giair\Documents\Grafica\virtuale\Progetto\labingsw022021202204cg\dependencies\glm\include\glm\fwd.hpp(418): message : see declaration of 'glm::vec<3,float,glm::packed_highp>'
C:\Users\giair\Documents\Grafica\virtuale\Progetto\labingsw022021202204cg\Engine\Vertex.h(21,12): warning C4251: 'Vertex::normal': struct 'glm::vec<3,float,glm::packed_highp>' needs to have dll-interface to be used by clients of class 'Vertex'
C:\Users\giair\Documents\Grafica\virtuale\Progetto\labingsw022021202204cg\dependencies\glm\include\glm\fwd.hpp(418): message : see declaration of 'glm::vec<3,float,glm::packed_highp>'
C:\Users\giair\Documents\Grafica\virtuale\Progetto\labingsw022021202204cg\Engine\Vertex.h(22,12): warning C4251: 'Vertex::textureCoordinates': struct 'glm::vec<2,float,glm::packed_highp>' needs to have dll-interface to be used by clients of class 'Vertex'
C:\Users\giair\Documents\Grafica\virtuale\Progetto\labingsw022021202204cg\dependencies\glm\include\glm\fwd.hpp(417): message : see declaration of 'glm::vec<2,float,glm::packed_highp>'
C:\Users\giair\Documents\Grafica\virtuale\Progetto\labingsw022021202204cg\Engine\FileReader.h(24,35): warning C4251: 'FileReader::materials': class 'std::map<std::string,Material *,std::less<std::string>,std::allocator<std::pair<const std::string,Material *>>>' needs to have dll-interface to be used by clients of class 'FileReader'
C:\Users\giair\Documents\Grafica\virtuale\Progetto\labingsw022021202204cg\Engine\FileReader.h(24): message : see declaration of 'std::map<std::string,Material *,std::less<std::string>,std::allocator<std::pair<const std::string,Material *>>>'
C:\Users\giair\Documents\Grafica\virtuale\Progetto\labingsw022021202204cg\Engine\FileReader.h(25,23): warning C4251: 'FileReader::tempVertices': class 'std::vector<Vertex *,std::allocator<Vertex *>>' needs to have dll-interface to be used by clients of class 'FileReader'
C:\Users\giair\Documents\Grafica\virtuale\Progetto\labingsw022021202204cg\Engine\FileReader.h(25): message : see declaration of 'std::vector<Vertex *,std::allocator<Vertex *>>'
C:\Users\giair\Documents\Grafica\virtuale\Progetto\labingsw022021202204cg\Engine\Mesh.h(23,36): warning C4251: 'Mesh::vertices': class 'std::vector<std::vector<Vertex *,std::allocator<Vertex *>>,std::allocator<std::vector<Vertex *,std::allocator<Vertex *>>>>' needs to have dll-interface to be used by clients of class 'Mesh'
C:\Users\giair\Documents\Grafica\virtuale\Progetto\labingsw022021202204cg\Engine\Mesh.h(23): message : see declaration of 'std::vector<std::vector<Vertex *,std::allocator<Vertex *>>,std::allocator<std::vector<Vertex *,std::allocator<Vertex *>>>>'
C:\Users\giair\Documents\Grafica\virtuale\Progetto\labingsw022021202204cg\Engine\Mesh.h(24,28): warning C4251: 'Mesh::material': class 'std::shared_ptr<Material>' needs to have dll-interface to be used by clients of class 'Mesh'
C:\Users\giair\Documents\Grafica\virtuale\Progetto\labingsw022021202204cg\Engine\Mesh.h(11): message : see declaration of 'std::shared_ptr<Material>'
C:\Users\giair\Documents\Grafica\virtuale\Progetto\labingsw022021202204cg\Engine\Light.h(32,12): warning C4251: 'Light::ambient': struct 'glm::vec<4,float,glm::packed_highp>' needs to have dll-interface to be used by clients of class 'Light'
C:\Users\giair\Documents\Grafica\virtuale\Progetto\labingsw022021202204cg\dependencies\glm\include\glm\fwd.hpp(419): message : see declaration of 'glm::vec<4,float,glm::packed_highp>'
C:\Users\giair\Documents\Grafica\virtuale\Progetto\labingsw022021202204cg\Engine\Light.h(33,12): warning C4251: 'Light::diffuse': struct 'glm::vec<4,float,glm::packed_highp>' needs to have dll-interface to be used by clients of class 'Light'
C:\Users\giair\Documents\Grafica\virtuale\Progetto\labingsw022021202204cg\dependencies\glm\include\glm\fwd.hpp(419): message : see declaration of 'glm::vec<4,float,glm::packed_highp>'
C:\Users\giair\Documents\Grafica\virtuale\Progetto\labingsw022021202204cg\Engine\Light.h(34,12): warning C4251: 'Light::specular': struct 'glm::vec<4,float,glm::packed_highp>' needs to have dll-interface to be used by clients of class 'Light'
C:\Users\giair\Documents\Grafica\virtuale\Progetto\labingsw022021202204cg\dependencies\glm\include\glm\fwd.hpp(419): message : see declaration of 'glm::vec<4,float,glm::packed_highp>'
C:\Users\giair\Documents\Grafica\virtuale\Progetto\labingsw022021202204cg\Engine\Light.h(35,12): warning C4251: 'Light::position': struct 'glm::vec<4,float,glm::packed_highp>' needs to have dll-interface to be used by clients of class 'Light'
C:\Users\giair\Documents\Grafica\virtuale\Progetto\labingsw022021202204cg\dependencies\glm\include\glm\fwd.hpp(419): message : see declaration of 'glm::vec<4,float,glm::packed_highp>'
C:\Users\giair\Documents\Grafica\virtuale\Progetto\labingsw022021202204cg\Engine\SpotLight.h(17,12): warning C4251: 'SpotLight::direction': struct 'glm::vec<3,float,glm::packed_highp>' needs to have dll-interface to be used by clients of class 'SpotLight'
C:\Users\giair\Documents\Grafica\virtuale\Progetto\labingsw022021202204cg\dependencies\glm\include\glm\fwd.hpp(418): message : see declaration of 'glm::vec<3,float,glm::packed_highp>'
C:\Users\giair\Documents\Grafica\virtuale\Progetto\labingsw022021202204cg\Engine\FakeShadow.h(28,12): warning C4251: 'FakeShadow::offset': struct 'glm::mat<4,4,glm::f32,glm::packed_highp>' needs to have dll-interface to be used by clients of class 'FakeShadow'
C:\Users\giair\Documents\Grafica\virtuale\Progetto\labingsw022021202204cg\dependencies\glm\include\glm\fwd.hpp(518): message : see declaration of 'glm::mat<4,4,glm::f32,glm::packed_highp>'
C:\Users\giair\Documents\Grafica\virtuale\Progetto\labingsw022021202204cg\Engine\FakeShadow.h(29,12): warning C4251: 'FakeShadow::scaling': struct 'glm::mat<4,4,glm::f32,glm::packed_highp>' needs to have dll-interface to be used by clients of class 'FakeShadow'
C:\Users\giair\Documents\Grafica\virtuale\Progetto\labingsw022021202204cg\dependencies\glm\include\glm\fwd.hpp(518): message : see declaration of 'glm::mat<4,4,glm::f32,glm::packed_highp>'
C:\Users\giair\Documents\Grafica\virtuale\Progetto\labingsw022021202204cg\Engine\FileReader.cpp(140,44): warning C4018: '<': signed/unsigned mismatch
C:\Users\giair\Documents\Grafica\virtuale\Progetto\labingsw022021202204cg\Engine\FileReader.cpp(331,44): warning C4018: '<': signed/unsigned mismatch
C:\Users\giair\Documents\Grafica\virtuale\Progetto\labingsw022021202204cg\Engine\FileReader.cpp(424,45): warning C4018: '<': signed/unsigned mismatch
  Light.cpp
C:\Users\giair\Documents\Grafica\virtuale\Progetto\labingsw022021202204cg\Engine\Object.h(29,15): warning C4251: 'Object::name': class 'std::basic_string<char,std::char_traits<char>,std::allocator<char>>' needs to have dll-interface to be used by clients of class 'Object'
C:\Program Files (x86)\Microsoft Visual Studio\2019\Community\VC\Tools\MSVC\14.29.30133\include\xstring(4905): message : see declaration of 'std::basic_string<char,std::char_traits<char>,std::allocator<char>>'
C:\Users\giair\Documents\Grafica\virtuale\Progetto\labingsw022021202204cg\Engine\Node.h(41,22): warning C4251: 'Node::children': class 'std::vector<Node *,std::allocator<Node *>>' needs to have dll-interface to be used by clients of class 'Node'
C:\Users\giair\Documents\Grafica\virtuale\Progetto\labingsw022021202204cg\Engine\Node.h(41): message : see declaration of 'std::vector<Node *,std::allocator<Node *>>'
C:\Users\giair\Documents\Grafica\virtuale\Progetto\labingsw022021202204cg\Engine\Node.h(43,13): warning C4251: 'Node::transform': struct 'glm::mat<4,4,glm::f32,glm::packed_highp>' needs to have dll-interface to be used by clients of class 'Node'
C:\Users\giair\Documents\Grafica\virtuale\Progetto\labingsw022021202204cg\dependencies\glm\include\glm\fwd.hpp(518): message : see declaration of 'glm::mat<4,4,glm::f32,glm::packed_highp>'
C:\Users\giair\Documents\Grafica\virtuale\Progetto\labingsw022021202204cg\Engine\Light.h(32,12): warning C4251: 'Light::ambient': struct 'glm::vec<4,float,glm::packed_highp>' needs to have dll-interface to be used by clients of class 'Light'
C:\Users\giair\Documents\Grafica\virtuale\Progetto\labingsw022021202204cg\dependencies\glm\include\glm\fwd.hpp(419): message : see declaration of 'glm::vec<4,float,glm::packed_highp>'
C:\Users\giair\Documents\Grafica\virtuale\Progetto\labingsw022021202204cg\Engine\Light.h(33,12): warning C4251: 'Light::diffuse': struct 'glm::vec<4,float,glm::packed_highp>' needs to have dll-interface to be used by clients of class 'Light'
C:\Users\giair\Documents\Grafica\virtuale\Progetto\labingsw022021202204cg\dependencies\glm\include\glm\fwd.hpp(419): message : see declaration of 'glm::vec<4,float,glm::packed_highp>'
C:\Users\giair\Documents\Grafica\virtuale\Progetto\labingsw022021202204cg\Engine\Light.h(34,12): warning C4251: 'Light::specular': struct 'glm::vec<4,float,glm::packed_highp>' needs to have dll-interface to be used by clients of class 'Light'
C:\Users\giair\Documents\Grafica\virtuale\Progetto\labingsw022021202204cg\dependencies\glm\include\glm\fwd.hpp(419): message : see declaration of 'glm::vec<4,float,glm::packed_highp>'
C:\Users\giair\Documents\Grafica\virtuale\Progetto\labingsw022021202204cg\Engine\Light.h(35,12): warning C4251: 'Light::position': struct 'glm::vec<4,float,glm::packed_highp>' needs to have dll-interface to be used by clients of class 'Light'
C:\Users\giair\Documents\Grafica\virtuale\Progetto\labingsw022021202204cg\dependencies\glm\include\glm\fwd.hpp(419): message : see declaration of 'glm::vec<4,float,glm::packed_highp>'
  List.cpp
C:\Users\giair\Documents\Grafica\virtuale\Progetto\labingsw022021202204cg\Engine\Object.h(29,15): warning C4251: 'Object::name': class 'std::basic_string<char,std::char_traits<char>,std::allocator<char>>' needs to have dll-interface to be used by clients of class 'Object'
C:\Program Files (x86)\Microsoft Visual Studio\2019\Community\VC\Tools\MSVC\14.29.30133\include\xstring(4905): message : see declaration of 'std::basic_string<char,std::char_traits<char>,std::allocator<char>>'
C:\Users\giair\Documents\Grafica\virtuale\Progetto\labingsw022021202204cg\Engine\Node.h(41,22): warning C4251: 'Node::children': class 'std::vector<Node *,std::allocator<Node *>>' needs to have dll-interface to be used by clients of class 'Node'
C:\Users\giair\Documents\Grafica\virtuale\Progetto\labingsw022021202204cg\Engine\Node.h(41): message : see declaration of 'std::vector<Node *,std::allocator<Node *>>'
C:\Users\giair\Documents\Grafica\virtuale\Progetto\labingsw022021202204cg\Engine\Node.h(43,13): warning C4251: 'Node::transform': struct 'glm::mat<4,4,glm::f32,glm::packed_highp>' needs to have dll-interface to be used by clients of class 'Node'
C:\Users\giair\Documents\Grafica\virtuale\Progetto\labingsw022021202204cg\dependencies\glm\include\glm\fwd.hpp(518): message : see declaration of 'glm::mat<4,4,glm::f32,glm::packed_highp>'
C:\Users\giair\Documents\Grafica\virtuale\Progetto\labingsw022021202204cg\Engine\List.h(18,20): warning C4251: 'List::objectsList': class 'std::list<Node *,std::allocator<Node *>>' needs to have dll-interface to be used by clients of class 'List'
C:\Users\giair\Documents\Grafica\virtuale\Progetto\labingsw022021202204cg\Engine\List.h(18): message : see declaration of 'std::list<Node *,std::allocator<Node *>>'
C:\Users\giair\Documents\Grafica\virtuale\Progetto\labingsw022021202204cg\Engine\Light.h(32,12): warning C4251: 'Light::ambient': struct 'glm::vec<4,float,glm::packed_highp>' needs to have dll-interface to be used by clients of class 'Light'
C:\Users\giair\Documents\Grafica\virtuale\Progetto\labingsw022021202204cg\dependencies\glm\include\glm\fwd.hpp(419): message : see declaration of 'glm::vec<4,float,glm::packed_highp>'
C:\Users\giair\Documents\Grafica\virtuale\Progetto\labingsw022021202204cg\Engine\Light.h(33,12): warning C4251: 'Light::diffuse': struct 'glm::vec<4,float,glm::packed_highp>' needs to have dll-interface to be used by clients of class 'Light'
C:\Users\giair\Documents\Grafica\virtuale\Progetto\labingsw022021202204cg\dependencies\glm\include\glm\fwd.hpp(419): message : see declaration of 'glm::vec<4,float,glm::packed_highp>'
C:\Users\giair\Documents\Grafica\virtuale\Progetto\labingsw022021202204cg\Engine\Light.h(34,12): warning C4251: 'Light::specular': struct 'glm::vec<4,float,glm::packed_highp>' needs to have dll-interface to be used by clients of class 'Light'
C:\Users\giair\Documents\Grafica\virtuale\Progetto\labingsw022021202204cg\dependencies\glm\include\glm\fwd.hpp(419): message : see declaration of 'glm::vec<4,float,glm::packed_highp>'
C:\Users\giair\Documents\Grafica\virtuale\Progetto\labingsw022021202204cg\Engine\Light.h(35,12): warning C4251: 'Light::position': struct 'glm::vec<4,float,glm::packed_highp>' needs to have dll-interface to be used by clients of class 'Light'
C:\Users\giair\Documents\Grafica\virtuale\Progetto\labingsw022021202204cg\dependencies\glm\include\glm\fwd.hpp(419): message : see declaration of 'glm::vec<4,float,glm::packed_highp>'
C:\Users\giair\Documents\Grafica\virtuale\Progetto\labingsw022021202204cg\Engine\SpotLight.h(17,12): warning C4251: 'SpotLight::direction': struct 'glm::vec<3,float,glm::packed_highp>' needs to have dll-interface to be used by clients of class 'SpotLight'
C:\Users\giair\Documents\Grafica\virtuale\Progetto\labingsw022021202204cg\dependencies\glm\include\glm\fwd.hpp(418): message : see declaration of 'glm::vec<3,float,glm::packed_highp>'
C:\Users\giair\Documents\Grafica\virtuale\Progetto\labingsw022021202204cg\Engine\List.cpp(77,30): warning C4267: 'return': conversion from 'size_t' to 'int', possible loss of data
  Node.cpp
C:\Users\giair\Documents\Grafica\virtuale\Progetto\labingsw022021202204cg\Engine\Object.h(29,15): warning C4251: 'Object::name': class 'std::basic_string<char,std::char_traits<char>,std::allocator<char>>' needs to have dll-interface to be used by clients of class 'Object'
C:\Program Files (x86)\Microsoft Visual Studio\2019\Community\VC\Tools\MSVC\14.29.30133\include\xstring(4905): message : see declaration of 'std::basic_string<char,std::char_traits<char>,std::allocator<char>>'
C:\Users\giair\Documents\Grafica\virtuale\Progetto\labingsw022021202204cg\Engine\Node.h(41,22): warning C4251: 'Node::children': class 'std::vector<Node *,std::allocator<Node *>>' needs to have dll-interface to be used by clients of class 'Node'
C:\Users\giair\Documents\Grafica\virtuale\Progetto\labingsw022021202204cg\Engine\Node.h(41): message : see declaration of 'std::vector<Node *,std::allocator<Node *>>'
C:\Users\giair\Documents\Grafica\virtuale\Progetto\labingsw022021202204cg\Engine\Node.h(43,13): warning C4251: 'Node::transform': struct 'glm::mat<4,4,glm::f32,glm::packed_highp>' needs to have dll-interface to be used by clients of class 'Node'
C:\Users\giair\Documents\Grafica\virtuale\Progetto\labingsw022021202204cg\dependencies\glm\include\glm\fwd.hpp(518): message : see declaration of 'glm::mat<4,4,glm::f32,glm::packed_highp>'
C:\Users\giair\Documents\Grafica\virtuale\Progetto\labingsw022021202204cg\Engine\Light.h(32,12): warning C4251: 'Light::ambient': struct 'glm::vec<4,float,glm::packed_highp>' needs to have dll-interface to be used by clients of class 'Light'
C:\Users\giair\Documents\Grafica\virtuale\Progetto\labingsw022021202204cg\dependencies\glm\include\glm\fwd.hpp(419): message : see declaration of 'glm::vec<4,float,glm::packed_highp>'
C:\Users\giair\Documents\Grafica\virtuale\Progetto\labingsw022021202204cg\Engine\Light.h(33,12): warning C4251: 'Light::diffuse': struct 'glm::vec<4,float,glm::packed_highp>' needs to have dll-interface to be used by clients of class 'Light'
C:\Users\giair\Documents\Grafica\virtuale\Progetto\labingsw022021202204cg\dependencies\glm\include\glm\fwd.hpp(419): message : see declaration of 'glm::vec<4,float,glm::packed_highp>'
C:\Users\giair\Documents\Grafica\virtuale\Progetto\labingsw022021202204cg\Engine\Light.h(34,12): warning C4251: 'Light::specular': struct 'glm::vec<4,float,glm::packed_highp>' needs to have dll-interface to be used by clients of class 'Light'
C:\Users\giair\Documents\Grafica\virtuale\Progetto\labingsw022021202204cg\dependencies\glm\include\glm\fwd.hpp(419): message : see declaration of 'glm::vec<4,float,glm::packed_highp>'
C:\Users\giair\Documents\Grafica\virtuale\Progetto\labingsw022021202204cg\Engine\Light.h(35,12): warning C4251: 'Light::position': struct 'glm::vec<4,float,glm::packed_highp>' needs to have dll-interface to be used by clients of class 'Light'
C:\Users\giair\Documents\Grafica\virtuale\Progetto\labingsw022021202204cg\dependencies\glm\include\glm\fwd.hpp(419): message : see declaration of 'glm::vec<4,float,glm::packed_highp>'
C:\Users\giair\Documents\Grafica\virtuale\Progetto\labingsw022021202204cg\Engine\SpotLight.h(17,12): warning C4251: 'SpotLight::direction': struct 'glm::vec<3,float,glm::packed_highp>' needs to have dll-interface to be used by clients of class 'SpotLight'
C:\Users\giair\Documents\Grafica\virtuale\Progetto\labingsw022021202204cg\dependencies\glm\include\glm\fwd.hpp(418): message : see declaration of 'glm::vec<3,float,glm::packed_highp>'
C:\Users\giair\Documents\Grafica\virtuale\Progetto\labingsw022021202204cg\Engine\Node.cpp(162,2): warning C4267: 'initializing': conversion from 'size_t' to 'int', possible loss of data
  PointLight.cpp
C:\Users\giair\Documents\Grafica\virtuale\Progetto\labingsw022021202204cg\Engine\Object.h(29,15): warning C4251: 'Object::name': class 'std::basic_string<char,std::char_traits<char>,std::allocator<char>>' needs to have dll-interface to be used by clients of class 'Object'
C:\Program Files (x86)\Microsoft Visual Studio\2019\Community\VC\Tools\MSVC\14.29.30133\include\xstring(4905): message : see declaration of 'std::basic_string<char,std::char_traits<char>,std::allocator<char>>'
C:\Users\giair\Documents\Grafica\virtuale\Progetto\labingsw022021202204cg\Engine\Node.h(41,22): warning C4251: 'Node::children': class 'std::vector<Node *,std::allocator<Node *>>' needs to have dll-interface to be used by clients of class 'Node'
C:\Users\giair\Documents\Grafica\virtuale\Progetto\labingsw022021202204cg\Engine\Node.h(41): message : see declaration of 'std::vector<Node *,std::allocator<Node *>>'
C:\Users\giair\Documents\Grafica\virtuale\Progetto\labingsw022021202204cg\Engine\Node.h(43,13): warning C4251: 'Node::transform': struct 'glm::mat<4,4,glm::f32,glm::packed_highp>' needs to have dll-interface to be used by clients of class 'Node'
C:\Users\giair\Documents\Grafica\virtuale\Progetto\labingsw022021202204cg\dependencies\glm\include\glm\fwd.hpp(518): message : see declaration of 'glm::mat<4,4,glm::f32,glm::packed_highp>'
C:\Users\giair\Documents\Grafica\virtuale\Progetto\labingsw022021202204cg\Engine\Light.h(32,12): warning C4251: 'Light::ambient': struct 'glm::vec<4,float,glm::packed_highp>' needs to have dll-interface to be used by clients of class 'Light'
C:\Users\giair\Documents\Grafica\virtuale\Progetto\labingsw022021202204cg\dependencies\glm\include\glm\fwd.hpp(419): message : see declaration of 'glm::vec<4,float,glm::packed_highp>'
C:\Users\giair\Documents\Grafica\virtuale\Progetto\labingsw022021202204cg\Engine\Light.h(33,12): warning C4251: 'Light::diffuse': struct 'glm::vec<4,float,glm::packed_highp>' needs to have dll-interface to be used by clients of class 'Light'
C:\Users\giair\Documents\Grafica\virtuale\Progetto\labingsw022021202204cg\dependencies\glm\include\glm\fwd.hpp(419): message : see declaration of 'glm::vec<4,float,glm::packed_highp>'
C:\Users\giair\Documents\Grafica\virtuale\Progetto\labingsw022021202204cg\Engine\Light.h(34,12): warning C4251: 'Light::specular': struct 'glm::vec<4,float,glm::packed_highp>' needs to have dll-interface to be used by clients of class 'Light'
C:\Users\giair\Documents\Grafica\virtuale\Progetto\labingsw022021202204cg\dependencies\glm\include\glm\fwd.hpp(419): message : see declaration of 'glm::vec<4,float,glm::packed_highp>'
C:\Users\giair\Documents\Grafica\virtuale\Progetto\labingsw022021202204cg\Engine\Light.h(35,12): warning C4251: 'Light::position': struct 'glm::vec<4,float,glm::packed_highp>' needs to have dll-interface to be used by clients of class 'Light'
C:\Users\giair\Documents\Grafica\virtuale\Progetto\labingsw022021202204cg\dependencies\glm\include\glm\fwd.hpp(419): message : see declaration of 'glm::vec<4,float,glm::packed_highp>'
  SpotLight.cpp
C:\Users\giair\Documents\Grafica\virtuale\Progetto\labingsw022021202204cg\Engine\Object.h(29,15): warning C4251: 'Object::name': class 'std::basic_string<char,std::char_traits<char>,std::allocator<char>>' needs to have dll-interface to be used by clients of class 'Object'
C:\Program Files (x86)\Microsoft Visual Studio\2019\Community\VC\Tools\MSVC\14.29.30133\include\xstring(4905): message : see declaration of 'std::basic_string<char,std::char_traits<char>,std::allocator<char>>'
C:\Users\giair\Documents\Grafica\virtuale\Progetto\labingsw022021202204cg\Engine\Node.h(41,22): warning C4251: 'Node::children': class 'std::vector<Node *,std::allocator<Node *>>' needs to have dll-interface to be used by clients of class 'Node'
C:\Users\giair\Documents\Grafica\virtuale\Progetto\labingsw022021202204cg\Engine\Node.h(41): message : see declaration of 'std::vector<Node *,std::allocator<Node *>>'
C:\Users\giair\Documents\Grafica\virtuale\Progetto\labingsw022021202204cg\Engine\Node.h(43,13): warning C4251: 'Node::transform': struct 'glm::mat<4,4,glm::f32,glm::packed_highp>' needs to have dll-interface to be used by clients of class 'Node'
C:\Users\giair\Documents\Grafica\virtuale\Progetto\labingsw022021202204cg\dependencies\glm\include\glm\fwd.hpp(518): message : see declaration of 'glm::mat<4,4,glm::f32,glm::packed_highp>'
C:\Users\giair\Documents\Grafica\virtuale\Progetto\labingsw022021202204cg\Engine\Light.h(32,12): warning C4251: 'Light::ambient': struct 'glm::vec<4,float,glm::packed_highp>' needs to have dll-interface to be used by clients of class 'Light'
C:\Users\giair\Documents\Grafica\virtuale\Progetto\labingsw022021202204cg\dependencies\glm\include\glm\fwd.hpp(419): message : see declaration of 'glm::vec<4,float,glm::packed_highp>'
C:\Users\giair\Documents\Grafica\virtuale\Progetto\labingsw022021202204cg\Engine\Light.h(33,12): warning C4251: 'Light::diffuse': struct 'glm::vec<4,float,glm::packed_highp>' needs to have dll-interface to be used by clients of class 'Light'
C:\Users\giair\Documents\Grafica\virtuale\Progetto\labingsw022021202204cg\dependencies\glm\include\glm\fwd.hpp(419): message : see declaration of 'glm::vec<4,float,glm::packed_highp>'
C:\Users\giair\Documents\Grafica\virtuale\Progetto\labingsw022021202204cg\Engine\Light.h(34,12): warning C4251: 'Light::specular': struct 'glm::vec<4,float,glm::packed_highp>' needs to have dll-interface to be used by clients of class 'Light'
C:\Users\giair\Documents\Grafica\virtuale\Progetto\labingsw022021202204cg\dependencies\glm\include\glm\fwd.hpp(419): message : see declaration of 'glm::vec<4,float,glm::packed_highp>'
C:\Users\giair\Documents\Grafica\virtuale\Progetto\labingsw022021202204cg\Engine\Light.h(35,12): warning C4251: 'Light::position': struct 'glm::vec<4,float,glm::packed_highp>' needs to have dll-interface to be used by clients of class 'Light'
C:\Users\giair\Documents\Grafica\virtuale\Progetto\labingsw022021202204cg\dependencies\glm\include\glm\fwd.hpp(419): message : see declaration of 'glm::vec<4,float,glm::packed_highp>'
C:\Users\giair\Documents\Grafica\virtuale\Progetto\labingsw022021202204cg\Engine\SpotLight.h(17,12): warning C4251: 'SpotLight::direction': struct 'glm::vec<3,float,glm::packed_highp>' needs to have dll-interface to be used by clients of class 'SpotLight'
C:\Users\giair\Documents\Grafica\virtuale\Progetto\labingsw022021202204cg\dependencies\glm\include\glm\fwd.hpp(418): message : see declaration of 'glm::vec<3,float,glm::packed_highp>'
  Generating Code...
C:\Users\giair\Documents\Grafica\virtuale\Progetto\labingsw022021202204cg\Engine\FileReader.cpp(433): warning C4715: 'FileReader::recursiveLoad': not all control paths return a value
     Creating library C:\Users\giair\Documents\Grafica\virtuale\Progetto\labingsw022021202204cg\x64\Release\Engine.lib and object C:\Users\giair\Documents\Grafica\virtuale\Progetto\labingsw022021202204cg\x64\Release\Engine.exp
  LINK : /LTCG specified but no code generation required; remove /LTCG from the link command line to improve linker performance
  Engine.vcxproj -> C:\Users\giair\Documents\Grafica\virtuale\Progetto\labingsw022021202204cg\x64\Release\Engine.dll
