d:\supsi\anno iii\semestre ii\realtàvirtuale\git\vr_repository\engine\x64\release\vc142.pdb
d:\supsi\anno iii\semestre ii\realtàvirtuale\git\vr_repository\engine\x64\release\spotlight.obj
d:\supsi\anno iii\semestre ii\realtàvirtuale\git\vr_repository\engine\x64\release\shader.obj
d:\supsi\anno iii\semestre ii\realtàvirtuale\git\vr_repository\engine\x64\release\projection.obj
d:\supsi\anno iii\semestre ii\realtàvirtuale\git\vr_repository\engine\x64\release\program.obj
d:\supsi\anno iii\semestre ii\realtàvirtuale\git\vr_repository\engine\x64\release\pointlight.obj
d:\supsi\anno iii\semestre ii\realtàvirtuale\git\vr_repository\engine\x64\release\perspectiveprojection.obj
d:\supsi\anno iii\semestre ii\realtàvirtuale\git\vr_repository\engine\x64\release\filereader.obj
d:\supsi\anno iii\semestre ii\realtàvirtuale\git\vr_repository\engine\x64\release\orthogonalprojection.obj
d:\supsi\anno iii\semestre ii\realtàvirtuale\git\vr_repository\engine\x64\release\object.obj
d:\supsi\anno iii\semestre ii\realtàvirtuale\git\vr_repository\engine\x64\release\node.obj
d:\supsi\anno iii\semestre ii\realtàvirtuale\git\vr_repository\engine\x64\release\mesh.obj
d:\supsi\anno iii\semestre ii\realtàvirtuale\git\vr_repository\engine\x64\release\material.obj
d:\supsi\anno iii\semestre ii\realtàvirtuale\git\vr_repository\engine\x64\release\listnode.obj
d:\supsi\anno iii\semestre ii\realtàvirtuale\git\vr_repository\engine\x64\release\list.obj
d:\supsi\anno iii\semestre ii\realtàvirtuale\git\vr_repository\engine\x64\release\light.obj
d:\supsi\anno iii\semestre ii\realtàvirtuale\git\vr_repository\engine\x64\release\framerate.obj
d:\supsi\anno iii\semestre ii\realtàvirtuale\git\vr_repository\engine\x64\release\fakeshadow.obj
d:\supsi\anno iii\semestre ii\realtàvirtuale\git\vr_repository\engine\x64\release\engine.obj
d:\supsi\anno iii\semestre ii\realtàvirtuale\git\vr_repository\engine\x64\release\directionallight.obj
d:\supsi\anno iii\semestre ii\realtàvirtuale\git\vr_repository\engine\x64\release\camera.obj
d:\supsi\anno iii\semestre ii\realtàvirtuale\git\vr_repository\engine\x64\release\vertex.obj
d:\supsi\anno iii\semestre ii\realtàvirtuale\git\vr_repository\engine\x64\release\texture.obj
d:\supsi\anno iii\semestre ii\realtàvirtuale\git\vr_repository\engine\x64\release\skybox.obj
d:\supsi\anno iii\semestre ii\realtàvirtuale\git\vr_repository\engine\x64\release\cubemap.obj
d:\supsi\anno iii\semestre ii\realtàvirtuale\git\vr_repository\engine\x64\release\vertexshader.obj
d:\supsi\anno iii\semestre ii\realtàvirtuale\git\vr_repository\engine\x64\release\fragmentshader.obj
d:\supsi\anno iii\semestre ii\realtàvirtuale\git\vr_repository\x64\release\engine.lib
d:\supsi\anno iii\semestre ii\realtàvirtuale\git\vr_repository\x64\release\engine.exp
d:\supsi\anno iii\semestre ii\realtàvirtuale\git\vr_repository\x64\release\engine.dll
d:\supsi\anno iii\semestre ii\realtàvirtuale\git\vr_repository\x64\release\engine.pdb
d:\scuola\supsi\scuola anno 2021-2022\vr\serie\vr_repository\engine\x64\release\camera.obj
d:\scuola\supsi\scuola anno 2021-2022\vr\serie\vr_repository\engine\x64\release\directionallight.obj
d:\scuola\supsi\scuola anno 2021-2022\vr\serie\vr_repository\engine\x64\release\engine.obj
d:\scuola\supsi\scuola anno 2021-2022\vr\serie\vr_repository\engine\x64\release\fakeshadow.obj
d:\scuola\supsi\scuola anno 2021-2022\vr\serie\vr_repository\engine\x64\release\filereader.obj
d:\scuola\supsi\scuola anno 2021-2022\vr\serie\vr_repository\engine\x64\release\framerate.obj
d:\scuola\supsi\scuola anno 2021-2022\vr\serie\vr_repository\engine\x64\release\light.obj
d:\scuola\supsi\scuola anno 2021-2022\vr\serie\vr_repository\engine\x64\release\list.obj
d:\scuola\supsi\scuola anno 2021-2022\vr\serie\vr_repository\engine\x64\release\listnode.obj
d:\scuola\supsi\scuola anno 2021-2022\vr\serie\vr_repository\engine\x64\release\material.obj
d:\scuola\supsi\scuola anno 2021-2022\vr\serie\vr_repository\engine\x64\release\mesh.obj
d:\scuola\supsi\scuola anno 2021-2022\vr\serie\vr_repository\engine\x64\release\node.obj
d:\scuola\supsi\scuola anno 2021-2022\vr\serie\vr_repository\engine\x64\release\object.obj
d:\scuola\supsi\scuola anno 2021-2022\vr\serie\vr_repository\engine\x64\release\orthogonalprojection.obj
d:\scuola\supsi\scuola anno 2021-2022\vr\serie\vr_repository\engine\x64\release\perspectiveprojection.obj
d:\scuola\supsi\scuola anno 2021-2022\vr\serie\vr_repository\engine\x64\release\pointlight.obj
d:\scuola\supsi\scuola anno 2021-2022\vr\serie\vr_repository\engine\x64\release\program.obj
d:\scuola\supsi\scuola anno 2021-2022\vr\serie\vr_repository\engine\x64\release\projection.obj
d:\scuola\supsi\scuola anno 2021-2022\vr\serie\vr_repository\engine\x64\release\shader.obj
d:\scuola\supsi\scuola anno 2021-2022\vr\serie\vr_repository\engine\x64\release\spotlight.obj
d:\scuola\supsi\scuola anno 2021-2022\vr\serie\vr_repository\engine\x64\release\texture.obj
d:\scuola\supsi\scuola anno 2021-2022\vr\serie\vr_repository\engine\x64\release\vertex.obj
d:\scuola\supsi\scuola anno 2021-2022\vr\serie\vr_repository\engine\x64\release\vc142.pdb
d:\scuola\supsi\scuola anno 2021-2022\vr\serie\vr_repository\x64\release\engine.pdb
d:\scuola\supsi\scuola anno 2021-2022\vr\serie\vr_repository\x64\release\engine.dll
d:\scuola\supsi\scuola anno 2021-2022\vr\serie\vr_repository\engine\x64\release\engine.tlog\cl.command.1.tlog
d:\scuola\supsi\scuola anno 2021-2022\vr\serie\vr_repository\engine\x64\release\engine.tlog\cl.read.1.tlog
d:\scuola\supsi\scuola anno 2021-2022\vr\serie\vr_repository\engine\x64\release\engine.tlog\cl.write.1.tlog
d:\scuola\supsi\scuola anno 2021-2022\vr\serie\vr_repository\engine\x64\release\engine.tlog\engine.write.1u.tlog
d:\scuola\supsi\scuola anno 2021-2022\vr\serie\vr_repository\engine\x64\release\engine.tlog\link.command.1.tlog
d:\scuola\supsi\scuola anno 2021-2022\vr\serie\vr_repository\engine\x64\release\engine.tlog\link.read.1.tlog
d:\scuola\supsi\scuola anno 2021-2022\vr\serie\vr_repository\engine\x64\release\engine.tlog\link.write.1.tlog
