  FakeShadow.cpp
D:\SCUOLA\SUPSI\SCUOLA anno 2021-2022\VR\Serie\VR_Repository\Engine\Object.h(30,15): warning C4251: 'Object::name': class 'std::basic_string<char,std::char_traits<char>,std::allocator<char>>' deve avere un'interfaccia dll per essere utilizzata dai client di class 'Object'
D:\App\Microsoft Visual Studio\2019\Community\VC\Tools\MSVC\14.29.30133\include\xstring(4905): message : vedere la dichiarazione di 'std::basic_string<char,std::char_traits<char>,std::allocator<char>>'
D:\SCUOLA\SUPSI\SCUOLA anno 2021-2022\VR\Serie\VR_Repository\Engine\Node.h(42,22): warning C4251: 'Node::children': class 'std::vector<Node *,std::allocator<Node *>>' deve avere un'interfaccia dll per essere utilizzata dai client di class 'Node'
D:\SCUOLA\SUPSI\SCUOLA anno 2021-2022\VR\Serie\VR_Repository\Engine\Node.h(42): message : vedere la dichiarazione di 'std::vector<Node *,std::allocator<Node *>>'
D:\SCUOLA\SUPSI\SCUOLA anno 2021-2022\VR\Serie\VR_Repository\Engine\Node.h(44,13): warning C4251: 'Node::transform': struct 'glm::mat<4,4,glm::f32,glm::packed_highp>' deve avere un'interfaccia dll per essere utilizzata dai client di class 'Node'
D:\SCUOLA\SUPSI\SCUOLA anno 2021-2022\VR\Serie\VR_Repository\dependencies\glm\include\glm\fwd.hpp(518): message : vedere la dichiarazione di 'glm::mat<4,4,glm::f32,glm::packed_highp>'
D:\SCUOLA\SUPSI\SCUOLA anno 2021-2022\VR\Serie\VR_Repository\Engine\Vertex.h(20,12): warning C4251: 'Vertex::position': struct 'glm::vec<3,float,glm::packed_highp>' deve avere un'interfaccia dll per essere utilizzata dai client di class 'Vertex'
D:\SCUOLA\SUPSI\SCUOLA anno 2021-2022\VR\Serie\VR_Repository\dependencies\glm\include\glm\fwd.hpp(418): message : vedere la dichiarazione di 'glm::vec<3,float,glm::packed_highp>'
D:\SCUOLA\SUPSI\SCUOLA anno 2021-2022\VR\Serie\VR_Repository\Engine\Vertex.h(21,12): warning C4251: 'Vertex::normal': struct 'glm::vec<3,float,glm::packed_highp>' deve avere un'interfaccia dll per essere utilizzata dai client di class 'Vertex'
D:\SCUOLA\SUPSI\SCUOLA anno 2021-2022\VR\Serie\VR_Repository\dependencies\glm\include\glm\fwd.hpp(418): message : vedere la dichiarazione di 'glm::vec<3,float,glm::packed_highp>'
D:\SCUOLA\SUPSI\SCUOLA anno 2021-2022\VR\Serie\VR_Repository\Engine\Vertex.h(22,12): warning C4251: 'Vertex::textureCoordinates': struct 'glm::vec<2,float,glm::packed_highp>' deve avere un'interfaccia dll per essere utilizzata dai client di class 'Vertex'
D:\SCUOLA\SUPSI\SCUOLA anno 2021-2022\VR\Serie\VR_Repository\dependencies\glm\include\glm\fwd.hpp(417): message : vedere la dichiarazione di 'glm::vec<2,float,glm::packed_highp>'
D:\SCUOLA\SUPSI\SCUOLA anno 2021-2022\VR\Serie\VR_Repository\Engine\Texture.h(23,21): warning C4251: 'Texture::path': class 'std::basic_string<char,std::char_traits<char>,std::allocator<char>>' deve avere un'interfaccia dll per essere utilizzata dai client di class 'Texture'
D:\App\Microsoft Visual Studio\2019\Community\VC\Tools\MSVC\14.29.30133\include\xstring(4905): message : vedere la dichiarazione di 'std::basic_string<char,std::char_traits<char>,std::allocator<char>>'
D:\SCUOLA\SUPSI\SCUOLA anno 2021-2022\VR\Serie\VR_Repository\Engine\Material.h(25,12): warning C4251: 'Material::emission': struct 'glm::vec<4,float,glm::packed_highp>' deve avere un'interfaccia dll per essere utilizzata dai client di class 'Material'
D:\SCUOLA\SUPSI\SCUOLA anno 2021-2022\VR\Serie\VR_Repository\dependencies\glm\include\glm\fwd.hpp(419): message : vedere la dichiarazione di 'glm::vec<4,float,glm::packed_highp>'
D:\SCUOLA\SUPSI\SCUOLA anno 2021-2022\VR\Serie\VR_Repository\Engine\Material.h(26,12): warning C4251: 'Material::ambient': struct 'glm::vec<4,float,glm::packed_highp>' deve avere un'interfaccia dll per essere utilizzata dai client di class 'Material'
D:\SCUOLA\SUPSI\SCUOLA anno 2021-2022\VR\Serie\VR_Repository\dependencies\glm\include\glm\fwd.hpp(419): message : vedere la dichiarazione di 'glm::vec<4,float,glm::packed_highp>'
D:\SCUOLA\SUPSI\SCUOLA anno 2021-2022\VR\Serie\VR_Repository\Engine\Material.h(27,12): warning C4251: 'Material::diffuse': struct 'glm::vec<4,float,glm::packed_highp>' deve avere un'interfaccia dll per essere utilizzata dai client di class 'Material'
D:\SCUOLA\SUPSI\SCUOLA anno 2021-2022\VR\Serie\VR_Repository\dependencies\glm\include\glm\fwd.hpp(419): message : vedere la dichiarazione di 'glm::vec<4,float,glm::packed_highp>'
D:\SCUOLA\SUPSI\SCUOLA anno 2021-2022\VR\Serie\VR_Repository\Engine\Material.h(28,12): warning C4251: 'Material::specular': struct 'glm::vec<4,float,glm::packed_highp>' deve avere un'interfaccia dll per essere utilizzata dai client di class 'Material'
D:\SCUOLA\SUPSI\SCUOLA anno 2021-2022\VR\Serie\VR_Repository\dependencies\glm\include\glm\fwd.hpp(419): message : vedere la dichiarazione di 'glm::vec<4,float,glm::packed_highp>'
D:\SCUOLA\SUPSI\SCUOLA anno 2021-2022\VR\Serie\VR_Repository\Engine\Mesh.h(25,28): warning C4251: 'Mesh::material': class 'std::shared_ptr<Material>' deve avere un'interfaccia dll per essere utilizzata dai client di class 'Mesh'
D:\SCUOLA\SUPSI\SCUOLA anno 2021-2022\VR\Serie\VR_Repository\Engine\Mesh.h(11): message : vedere la dichiarazione di 'std::shared_ptr<Material>'
D:\SCUOLA\SUPSI\SCUOLA anno 2021-2022\VR\Serie\VR_Repository\Engine\FakeShadow.h(29,12): warning C4251: 'FakeShadow::offset': struct 'glm::mat<4,4,glm::f32,glm::packed_highp>' deve avere un'interfaccia dll per essere utilizzata dai client di class 'FakeShadow'
D:\SCUOLA\SUPSI\SCUOLA anno 2021-2022\VR\Serie\VR_Repository\dependencies\glm\include\glm\fwd.hpp(518): message : vedere la dichiarazione di 'glm::mat<4,4,glm::f32,glm::packed_highp>'
D:\SCUOLA\SUPSI\SCUOLA anno 2021-2022\VR\Serie\VR_Repository\Engine\FakeShadow.h(30,12): warning C4251: 'FakeShadow::scaling': struct 'glm::mat<4,4,glm::f32,glm::packed_highp>' deve avere un'interfaccia dll per essere utilizzata dai client di class 'FakeShadow'
D:\SCUOLA\SUPSI\SCUOLA anno 2021-2022\VR\Serie\VR_Repository\dependencies\glm\include\glm\fwd.hpp(518): message : vedere la dichiarazione di 'glm::mat<4,4,glm::f32,glm::packed_highp>'
  Mesh.cpp
D:\SCUOLA\SUPSI\SCUOLA anno 2021-2022\VR\Serie\VR_Repository\Engine\Object.h(30,15): warning C4251: 'Object::name': class 'std::basic_string<char,std::char_traits<char>,std::allocator<char>>' deve avere un'interfaccia dll per essere utilizzata dai client di class 'Object'
D:\App\Microsoft Visual Studio\2019\Community\VC\Tools\MSVC\14.29.30133\include\xstring(4905): message : vedere la dichiarazione di 'std::basic_string<char,std::char_traits<char>,std::allocator<char>>'
D:\SCUOLA\SUPSI\SCUOLA anno 2021-2022\VR\Serie\VR_Repository\Engine\Node.h(42,22): warning C4251: 'Node::children': class 'std::vector<Node *,std::allocator<Node *>>' deve avere un'interfaccia dll per essere utilizzata dai client di class 'Node'
D:\SCUOLA\SUPSI\SCUOLA anno 2021-2022\VR\Serie\VR_Repository\Engine\Node.h(42): message : vedere la dichiarazione di 'std::vector<Node *,std::allocator<Node *>>'
D:\SCUOLA\SUPSI\SCUOLA anno 2021-2022\VR\Serie\VR_Repository\Engine\Node.h(44,13): warning C4251: 'Node::transform': struct 'glm::mat<4,4,glm::f32,glm::packed_highp>' deve avere un'interfaccia dll per essere utilizzata dai client di class 'Node'
D:\SCUOLA\SUPSI\SCUOLA anno 2021-2022\VR\Serie\VR_Repository\dependencies\glm\include\glm\fwd.hpp(518): message : vedere la dichiarazione di 'glm::mat<4,4,glm::f32,glm::packed_highp>'
D:\SCUOLA\SUPSI\SCUOLA anno 2021-2022\VR\Serie\VR_Repository\Engine\Vertex.h(20,12): warning C4251: 'Vertex::position': struct 'glm::vec<3,float,glm::packed_highp>' deve avere un'interfaccia dll per essere utilizzata dai client di class 'Vertex'
D:\SCUOLA\SUPSI\SCUOLA anno 2021-2022\VR\Serie\VR_Repository\dependencies\glm\include\glm\fwd.hpp(418): message : vedere la dichiarazione di 'glm::vec<3,float,glm::packed_highp>'
D:\SCUOLA\SUPSI\SCUOLA anno 2021-2022\VR\Serie\VR_Repository\Engine\Vertex.h(21,12): warning C4251: 'Vertex::normal': struct 'glm::vec<3,float,glm::packed_highp>' deve avere un'interfaccia dll per essere utilizzata dai client di class 'Vertex'
D:\SCUOLA\SUPSI\SCUOLA anno 2021-2022\VR\Serie\VR_Repository\dependencies\glm\include\glm\fwd.hpp(418): message : vedere la dichiarazione di 'glm::vec<3,float,glm::packed_highp>'
D:\SCUOLA\SUPSI\SCUOLA anno 2021-2022\VR\Serie\VR_Repository\Engine\Vertex.h(22,12): warning C4251: 'Vertex::textureCoordinates': struct 'glm::vec<2,float,glm::packed_highp>' deve avere un'interfaccia dll per essere utilizzata dai client di class 'Vertex'
D:\SCUOLA\SUPSI\SCUOLA anno 2021-2022\VR\Serie\VR_Repository\dependencies\glm\include\glm\fwd.hpp(417): message : vedere la dichiarazione di 'glm::vec<2,float,glm::packed_highp>'
D:\SCUOLA\SUPSI\SCUOLA anno 2021-2022\VR\Serie\VR_Repository\Engine\Texture.h(23,21): warning C4251: 'Texture::path': class 'std::basic_string<char,std::char_traits<char>,std::allocator<char>>' deve avere un'interfaccia dll per essere utilizzata dai client di class 'Texture'
D:\App\Microsoft Visual Studio\2019\Community\VC\Tools\MSVC\14.29.30133\include\xstring(4905): message : vedere la dichiarazione di 'std::basic_string<char,std::char_traits<char>,std::allocator<char>>'
D:\SCUOLA\SUPSI\SCUOLA anno 2021-2022\VR\Serie\VR_Repository\Engine\Material.h(25,12): warning C4251: 'Material::emission': struct 'glm::vec<4,float,glm::packed_highp>' deve avere un'interfaccia dll per essere utilizzata dai client di class 'Material'
D:\SCUOLA\SUPSI\SCUOLA anno 2021-2022\VR\Serie\VR_Repository\dependencies\glm\include\glm\fwd.hpp(419): message : vedere la dichiarazione di 'glm::vec<4,float,glm::packed_highp>'
D:\SCUOLA\SUPSI\SCUOLA anno 2021-2022\VR\Serie\VR_Repository\Engine\Material.h(26,12): warning C4251: 'Material::ambient': struct 'glm::vec<4,float,glm::packed_highp>' deve avere un'interfaccia dll per essere utilizzata dai client di class 'Material'
D:\SCUOLA\SUPSI\SCUOLA anno 2021-2022\VR\Serie\VR_Repository\dependencies\glm\include\glm\fwd.hpp(419): message : vedere la dichiarazione di 'glm::vec<4,float,glm::packed_highp>'
D:\SCUOLA\SUPSI\SCUOLA anno 2021-2022\VR\Serie\VR_Repository\Engine\Material.h(27,12): warning C4251: 'Material::diffuse': struct 'glm::vec<4,float,glm::packed_highp>' deve avere un'interfaccia dll per essere utilizzata dai client di class 'Material'
D:\SCUOLA\SUPSI\SCUOLA anno 2021-2022\VR\Serie\VR_Repository\dependencies\glm\include\glm\fwd.hpp(419): message : vedere la dichiarazione di 'glm::vec<4,float,glm::packed_highp>'
D:\SCUOLA\SUPSI\SCUOLA anno 2021-2022\VR\Serie\VR_Repository\Engine\Material.h(28,12): warning C4251: 'Material::specular': struct 'glm::vec<4,float,glm::packed_highp>' deve avere un'interfaccia dll per essere utilizzata dai client di class 'Material'
D:\SCUOLA\SUPSI\SCUOLA anno 2021-2022\VR\Serie\VR_Repository\dependencies\glm\include\glm\fwd.hpp(419): message : vedere la dichiarazione di 'glm::vec<4,float,glm::packed_highp>'
D:\SCUOLA\SUPSI\SCUOLA anno 2021-2022\VR\Serie\VR_Repository\Engine\Mesh.h(25,28): warning C4251: 'Mesh::material': class 'std::shared_ptr<Material>' deve avere un'interfaccia dll per essere utilizzata dai client di class 'Mesh'
D:\SCUOLA\SUPSI\SCUOLA anno 2021-2022\VR\Serie\VR_Repository\Engine\Mesh.h(11): message : vedere la dichiarazione di 'std::shared_ptr<Material>'
  Generazione del codice in corso...
     Creazione della libreria D:\SCUOLA\SUPSI\SCUOLA anno 2021-2022\VR\Serie\VR_Repository\x64\Debug\Engine.lib e dell'oggetto D:\SCUOLA\SUPSI\SCUOLA anno 2021-2022\VR\Serie\VR_Repository\x64\Debug\Engine.exp
  Engine.vcxproj -> D:\SCUOLA\SUPSI\SCUOLA anno 2021-2022\VR\Serie\VR_Repository\x64\Debug\Engine.dll
          1 file copiati.
